<?xml version="1.0" encoding="UTF-8"?>
<testsuite name="com.emc.education.usermanagement.TodoManagementSpringBoot2ApplicationTests" tests="1" skipped="0" failures="0" errors="0" timestamp="2020-06-16T18:13:16" hostname="INMKCHUNDN4L1C" time="0.332">
  <properties/>
  <testcase name="contextLoads" classname="com.emc.education.usermanagement.TodoManagementSpringBoot2ApplicationTests" time="0.332"/>
  <system-out><![CDATA[23:42:59.574 [Test worker] DEBUG org.springframework.test.context.junit4.SpringJUnit4ClassRunner - SpringJUnit4ClassRunner constructor called with [class com.emc.education.usermanagement.TodoManagementSpringBoot2ApplicationTests]
23:42:59.617 [Test worker] DEBUG org.springframework.test.context.BootstrapUtils - Instantiating CacheAwareContextLoaderDelegate from class [org.springframework.test.context.cache.DefaultCacheAwareContextLoaderDelegate]
23:42:59.663 [Test worker] DEBUG org.springframework.test.context.BootstrapUtils - Instantiating BootstrapContext using constructor [public org.springframework.test.context.support.DefaultBootstrapContext(java.lang.Class,org.springframework.test.context.CacheAwareContextLoaderDelegate)]
23:42:59.754 [Test worker] DEBUG org.springframework.test.context.BootstrapUtils - Instantiating TestContextBootstrapper for test class [com.emc.education.usermanagement.TodoManagementSpringBoot2ApplicationTests] from class [org.springframework.boot.test.context.SpringBootTestContextBootstrapper]
23:42:59.847 [Test worker] INFO org.springframework.boot.test.context.SpringBootTestContextBootstrapper - Neither @ContextConfiguration nor @ContextHierarchy found for test class [com.emc.education.usermanagement.TodoManagementSpringBoot2ApplicationTests], using SpringBootContextLoader
23:42:59.867 [Test worker] DEBUG org.springframework.test.context.support.AbstractContextLoader - Did not detect default resource location for test class [com.emc.education.usermanagement.TodoManagementSpringBoot2ApplicationTests]: class path resource [com/emc/education/usermanagement/TodoManagementSpringBoot2ApplicationTests-context.xml] does not exist
23:42:59.870 [Test worker] DEBUG org.springframework.test.context.support.AbstractContextLoader - Did not detect default resource location for test class [com.emc.education.usermanagement.TodoManagementSpringBoot2ApplicationTests]: class path resource [com/emc/education/usermanagement/TodoManagementSpringBoot2ApplicationTestsContext.groovy] does not exist
23:42:59.871 [Test worker] INFO org.springframework.test.context.support.AbstractContextLoader - Could not detect default resource locations for test class [com.emc.education.usermanagement.TodoManagementSpringBoot2ApplicationTests]: no resource found for suffixes {-context.xml, Context.groovy}.
23:42:59.876 [Test worker] INFO org.springframework.test.context.support.AnnotationConfigContextLoaderUtils - Could not detect default configuration classes for test class [com.emc.education.usermanagement.TodoManagementSpringBoot2ApplicationTests]: TodoManagementSpringBoot2ApplicationTests does not declare any static, non-private, non-final, nested classes annotated with @Configuration.
23:43:00.131 [Test worker] DEBUG org.springframework.test.context.support.ActiveProfilesUtils - Could not find an 'annotation declaring class' for annotation type [org.springframework.test.context.ActiveProfiles] and class [com.emc.education.usermanagement.TodoManagementSpringBoot2ApplicationTests]
23:43:00.185 [Test worker] DEBUG org.springframework.core.env.StandardEnvironment - Adding PropertySource 'systemProperties' with lowest search precedence
23:43:00.187 [Test worker] DEBUG org.springframework.core.env.StandardEnvironment - Adding PropertySource 'systemEnvironment' with lowest search precedence
23:43:00.189 [Test worker] DEBUG org.springframework.core.env.StandardEnvironment - Initialized StandardEnvironment with PropertySources [MapPropertySource@2118114547 {name='systemProperties', properties={java.runtime.name=Java(TM) SE Runtime Environment, sun.boot.library.path=C:\Program Files\Java\jdk1.8.0_201\jre\bin, java.vm.version=25.201-b09, java.vm.vendor=Oracle Corporation, java.vendor.url=http://java.oracle.com/, path.separator=;, java.vm.name=Java HotSpot(TM) 64-Bit Server VM, file.encoding.pkg=sun.io, user.script=, sun.java.launcher=SUN_STANDARD, user.country=US, sun.os.patch.level=, java.vm.specification.name=Java Virtual Machine Specification, user.dir=C:\LABs\user-management-spring-boot, java.runtime.version=1.8.0_201-b09, java.awt.graphicsenv=sun.awt.Win32GraphicsEnvironment, java.endorsed.dirs=C:\Program Files\Java\jdk1.8.0_201\jre\lib\endorsed, os.arch=amd64, java.io.tmpdir=C:\Users\chundn4\AppData\Local\Temp\, line.separator=
, java.vm.specification.vendor=Oracle Corporation, user.variant=, os.name=Windows 10, sun.jnu.encoding=Cp1252, java.library.path=C:\Program Files\Java\jdk1.8.0_201\bin;C:\windows\Sun\Java\bin;C:\windows\system32;C:\windows;C:\Python27\;C:\Python27\Scripts;C:\Program Files (x86)\Common Files\Oracle\Java\javapath;C:\Program Files (x86)\RSA SecurID Token Common;C:\windows\system32;C:\windows;C:\windows\System32\Wbem;C:\windows\System32\WindowsPowerShell\v1.0\;C:\windows\System32\OpenSSH\;C:\Program Files\Dell\Dell Data Protection\Encryption\;C:\Program Files\PuTTY\;C:\Program Files\Cloud Foundry;C:\Program Files (x86)\sbt\bin;C:\ProgramData\chocolatey\bin;C:\Program Files\Amazon\AWSCLI\bin\;C:\Program Files\Git\cmd;C:\HashiCorp\Vagrant\bin;C:\Program Files\nodejs\;c:\program files (x86)\adaptiva\AdaptivaClient\bin\x32;c:\program files (x86)\adaptiva\AdaptivaClient\bin\x64;C:\Program Files\Docker\Docker\resources\bin;C:\ProgramData\DockerDesktop\version-bin;C:\Users\chundn4\scoop\shims;C:\Users\chundn4\AppData\Local\Programs\Python\Python37-32\Scripts\;C:\Users\chundn4\AppData\Local\Programs\Python\Python37-32\;C:\Users\chundn4\AppData\Local\Microsoft\WindowsApps;C:\Program Files\Java\jdk1.8.0_201\bin;C:\NAG\softwares\gradle-5.2.1-all\gradle-5.2.1\bin;C:\tools\mysql\current\bin;C:\Program Files\apache-maven-3.6.0\bin;C:\NAG\softwares\cmder_mini;C:\Program Files\MariaDB 10.3\bin;C:\redis-2.4.5-win32-win64\64bit;C:\nginx-1.17.2;C:\Program Files\JetBrains\IntelliJ IDEA Community Edition 2018.3.5\bin;C:\LABs\kubernetes;C:\Users\chundn4\Documents\WindowsPowerShell\Scripts;C:\Program Files\Kubernetes\Minikube;C:\Users\chundn4\AppData\Roaming\npm;C:\Users\chundn4\AppData\Local\Programs\Microsoft VS Code\bin;C:\LABs\;;., java.specification.name=Java Platform API Specification, java.class.version=52.0, org.gradle.native=false, sun.management.compiler=HotSpot 64-Bit Tiered Compilers, os.version=10.0, user.home=C:\Users\chundn4, user.timezone=Asia/Calcutta, java.awt.printerjob=sun.awt.windows.WPrinterJob, file.encoding=windows-1252, java.specification.version=1.8, java.class.path=C:\LABs\user-management-spring-boot\build\classes\java\test;C:\LABs\user-management-spring-boot\build\resources\test;C:\LABs\user-management-spring-boot\build\classes\java\main;C:\LABs\user-management-spring-boot\build\resources\main;C:\Users\chundn4\.m2\repository\javax\servlet\jstl\1.2\jstl-1.2.jar;C:\Users\chundn4\.m2\repository\org\webjars\bootstrap\3.3.6\bootstrap-3.3.6.jar;C:\Users\chundn4\.m2\repository\org\webjars\bootstrap-datepicker\1.0.1\bootstrap-datepicker-1.0.1.jar;C:\Users\chundn4\.m2\repository\org\webjars\jquery\1.9.1\jquery-1.9.1.jar;C:\Users\chundn4\.m2\repository\org\springframework\boot\spring-boot-starter-security\2.0.4.RELEASE\spring-boot-starter-security-2.0.4.RELEASE.jar;C:\Users\chundn4\.m2\repository\org\springframework\boot\spring-boot-starter-web\2.0.4.RELEASE\spring-boot-starter-web-2.0.4.RELEASE.jar;C:\Users\chundn4\.m2\repository\org\springframework\boot\spring-boot-starter-data-jpa\2.0.4.RELEASE\spring-boot-starter-data-jpa-2.0.4.RELEASE.jar;C:\Users\chundn4\.m2\repository\org\springframework\boot\spring-boot-devtools\2.0.4.RELEASE\spring-boot-devtools-2.0.4.RELEASE.jar;C:\Users\chundn4\.m2\repository\mysql\mysql-connector-java\5.1.46\mysql-connector-java-5.1.46.jar;C:\Users\chundn4\.m2\repository\org\springframework\boot\spring-boot-starter-test\2.0.4.RELEASE\spring-boot-starter-test-2.0.4.RELEASE.jar;C:\Users\chundn4\.m2\repository\org\springframework\security\spring-security-test\5.0.7.RELEASE\spring-security-test-5.0.7.RELEASE.jar;C:\Users\chundn4\.m2\repository\org\springframework\boot\spring-boot-starter-json\2.0.4.RELEASE\spring-boot-starter-json-2.0.4.RELEASE.jar;C:\Users\chundn4\.m2\repository\org\springframework\boot\spring-boot-starter-aop\2.0.4.RELEASE\spring-boot-starter-aop-2.0.4.RELEASE.jar;C:\Users\chundn4\.m2\repository\org\springframework\boot\spring-boot-starter-jdbc\2.0.4.RELEASE\spring-boot-starter-jdbc-2.0.4.RELEASE.jar;C:\Users\chundn4\.m2\repository\org\springframework\boot\spring-boot-starter\2.0.4.RELEASE\spring-boot-starter-2.0.4.RELEASE.jar;C:\Users\chundn4\.m2\repository\org\springframework\security\spring-security-config\5.0.7.RELEASE\spring-security-config-5.0.7.RELEASE.jar;C:\Users\chundn4\.m2\repository\org\springframework\security\spring-security-web\5.0.7.RELEASE\spring-security-web-5.0.7.RELEASE.jar;C:\Users\chundn4\.m2\repository\org\springframework\spring-webmvc\5.0.8.RELEASE\spring-webmvc-5.0.8.RELEASE.jar;C:\Users\chundn4\.m2\repository\org\springframework\data\spring-data-jpa\2.0.9.RELEASE\spring-data-jpa-2.0.9.RELEASE.jar;C:\Users\chundn4\.m2\repository\org\springframework\security\spring-security-core\5.0.7.RELEASE\spring-security-core-5.0.7.RELEASE.jar;C:\Users\chundn4\.m2\repository\org\springframework\boot\spring-boot-test-autoconfigure\2.0.4.RELEASE\spring-boot-test-autoconfigure-2.0.4.RELEASE.jar;C:\Users\chundn4\.m2\repository\org\springframework\boot\spring-boot-autoconfigure\2.0.4.RELEASE\spring-boot-autoconfigure-2.0.4.RELEASE.jar;C:\Users\chundn4\.m2\repository\org\springframework\boot\spring-boot-test\2.0.4.RELEASE\spring-boot-test-2.0.4.RELEASE.jar;C:\Users\chundn4\.m2\repository\org\springframework\boot\spring-boot\2.0.4.RELEASE\spring-boot-2.0.4.RELEASE.jar;C:\Users\chundn4\.m2\repository\org\springframework\spring-context\5.0.8.RELEASE\spring-context-5.0.8.RELEASE.jar;C:\Users\chundn4\.m2\repository\org\springframework\spring-aop\5.0.8.RELEASE\spring-aop-5.0.8.RELEASE.jar;C:\Users\chundn4\.m2\repository\org\springframework\boot\spring-boot-starter-tomcat\2.0.4.RELEASE\spring-boot-starter-tomcat-2.0.4.RELEASE.jar;C:\Users\chundn4\.m2\repository\org\hibernate\validator\hibernate-validator\6.0.11.Final\hibernate-validator-6.0.11.Final.jar;C:\Users\chundn4\.m2\repository\org\springframework\spring-web\5.0.8.RELEASE\spring-web-5.0.8.RELEASE.jar;C:\Users\chundn4\.m2\repository\org\hibernate\hibernate-core\5.2.17.Final\hibernate-core-5.2.17.Final.jar;C:\Users\chundn4\.m2\repository\javax\transaction\javax.transaction-api\1.2\javax.transaction-api-1.2.jar;C:\Users\chundn4\.m2\repository\org\springframework\spring-aspects\5.0.8.RELEASE\spring-aspects-5.0.8.RELEASE.jar;C:\Users\chundn4\.m2\repository\com\jayway\jsonpath\json-path\2.4.0\json-path-2.4.0.jar;C:\Users\chundn4\.m2\repository\junit\junit\4.12\junit-4.12.jar;C:\Users\chundn4\.m2\repository\org\assertj\assertj-core\3.9.1\assertj-core-3.9.1.jar;C:\Users\chundn4\.m2\repository\org\mockito\mockito-core\2.15.0\mockito-core-2.15.0.jar;C:\Users\chundn4\.m2\repository\org\hamcrest\hamcrest-library\1.3\hamcrest-library-1.3.jar;C:\Users\chundn4\.m2\repository\org\hamcrest\hamcrest-core\1.3\hamcrest-core-1.3.jar;C:\Users\chundn4\.m2\repository\org\skyscreamer\jsonassert\1.5.0\jsonassert-1.5.0.jar;C:\Users\chundn4\.m2\repository\org\springframework\spring-test\5.0.8.RELEASE\spring-test-5.0.8.RELEASE.jar;C:\Users\chundn4\.m2\repository\org\springframework\spring-orm\5.0.8.RELEASE\spring-orm-5.0.8.RELEASE.jar;C:\Users\chundn4\.m2\repository\org\springframework\spring-jdbc\5.0.8.RELEASE\spring-jdbc-5.0.8.RELEASE.jar;C:\Users\chundn4\.m2\repository\org\springframework\data\spring-data-commons\2.0.9.RELEASE\spring-data-commons-2.0.9.RELEASE.jar;C:\Users\chundn4\.m2\repository\org\springframework\spring-tx\5.0.8.RELEASE\spring-tx-5.0.8.RELEASE.jar;C:\Users\chundn4\.m2\repository\org\springframework\spring-beans\5.0.8.RELEASE\spring-beans-5.0.8.RELEASE.jar;C:\Users\chundn4\.m2\repository\org\springframework\spring-expression\5.0.8.RELEASE\spring-expression-5.0.8.RELEASE.jar;C:\Users\chundn4\.m2\repository\org\springframework\spring-core\5.0.8.RELEASE\spring-core-5.0.8.RELEASE.jar;C:\Users\chundn4\.m2\repository\org\xmlunit\xmlunit-core\2.5.1\xmlunit-core-2.5.1.jar;C:\Users\chundn4\.m2\repository\org\springframework\boot\spring-boot-starter-logging\2.0.4.RELEASE\spring-boot-starter-logging-2.0.4.RELEASE.jar;C:\Users\chundn4\.m2\repository\javax\annotation\javax.annotation-api\1.3.2\javax.annotation-api-1.3.2.jar;C:\Users\chundn4\.m2\repository\org\yaml\snakeyaml\1.19\snakeyaml-1.19.jar;C:\Users\chundn4\.m2\repository\com\fasterxml\jackson\datatype\jackson-datatype-jdk8\2.9.6\jackson-datatype-jdk8-2.9.6.jar;C:\Users\chundn4\.m2\repository\com\fasterxml\jackson\datatype\jackson-datatype-jsr310\2.9.6\jackson-datatype-jsr310-2.9.6.jar;C:\Users\chundn4\.m2\repository\com\fasterxml\jackson\module\jackson-module-parameter-names\2.9.6\jackson-module-parameter-names-2.9.6.jar;C:\Users\chundn4\.m2\repository\com\fasterxml\jackson\core\jackson-databind\2.9.6\jackson-databind-2.9.6.jar;C:\Users\chundn4\.m2\repository\org\apache\tomcat\embed\tomcat-embed-websocket\8.5.32\tomcat-embed-websocket-8.5.32.jar;C:\Users\chundn4\.m2\repository\org\apache\tomcat\embed\tomcat-embed-core\8.5.32\tomcat-embed-core-8.5.32.jar;C:\Users\chundn4\.m2\repository\org\apache\tomcat\embed\tomcat-embed-el\8.5.32\tomcat-embed-el-8.5.32.jar;C:\Users\chundn4\.m2\repository\javax\validation\validation-api\2.0.1.Final\validation-api-2.0.1.Final.jar;C:\Users\chundn4\.m2\repository\org\hibernate\common\hibernate-commons-annotations\5.0.1.Final\hibernate-commons-annotations-5.0.1.Final.jar;C:\Users\chundn4\.m2\repository\org\jboss\logging\jboss-logging\3.3.2.Final\jboss-logging-3.3.2.Final.jar;C:\Users\chundn4\.m2\repository\com\fasterxml\classmate\1.3.4\classmate-1.3.4.jar;C:\Users\chundn4\.m2\repository\org\aspectj\aspectjweaver\1.8.13\aspectjweaver-1.8.13.jar;C:\Users\chundn4\.m2\repository\com\zaxxer\HikariCP\2.7.9\HikariCP-2.7.9.jar;C:\Users\chundn4\.m2\repository\org\hibernate\javax\persistence\hibernate-jpa-2.1-api\1.0.2.Final\hibernate-jpa-2.1-api-1.0.2.Final.jar;C:\Users\chundn4\.m2\repository\org\javassist\javassist\3.22.0-GA\javassist-3.22.0-GA.jar;C:\Users\chundn4\.m2\repository\antlr\antlr\2.7.7\antlr-2.7.7.jar;C:\Users\chundn4\.m2\repository\org\jboss\jandex\2.0.3.Final\jandex-2.0.3.Final.jar;C:\Users\chundn4\.m2\repository\dom4j\dom4j\1.6.1\dom4j-1.6.1.jar;C:\Users\chundn4\.m2\repository\ch\qos\logback\logback-classic\1.2.3\logback-classic-1.2.3.jar;C:\Users\chundn4\.m2\repository\org\apache\logging\log4j\log4j-to-slf4j\2.10.0\log4j-to-slf4j-2.10.0.jar;C:\Users\chundn4\.m2\repository\org\slf4j\jul-to-slf4j\1.7.25\jul-to-slf4j-1.7.25.jar;C:\Users\chundn4\.m2\repository\org\slf4j\slf4j-api\1.7.25\slf4j-api-1.7.25.jar;C:\Users\chundn4\.m2\repository\net\minidev\json-smart\2.3\json-smart-2.3.jar;C:\Users\chundn4\.m2\repository\net\bytebuddy\byte-buddy\1.7.11\byte-buddy-1.7.11.jar;C:\Users\chundn4\.m2\repository\net\bytebuddy\byte-buddy-agent\1.7.11\byte-buddy-agent-1.7.11.jar;C:\Users\chundn4\.m2\repository\org\objenesis\objenesis\2.6\objenesis-2.6.jar;C:\Users\chundn4\.m2\repository\com\vaadin\external\google\android-json\0.0.20131108.vaadin1\android-json-0.0.20131108.vaadin1.jar;C:\Users\chundn4\.m2\repository\org\springframework\spring-jcl\5.0.8.RELEASE\spring-jcl-5.0.8.RELEASE.jar;C:\Users\chundn4\.m2\repository\com\fasterxml\jackson\core\jackson-annotations\2.9.0\jackson-annotations-2.9.0.jar;C:\Users\chundn4\.m2\repository\com\fasterxml\jackson\core\jackson-core\2.9.6\jackson-core-2.9.6.jar;C:\Users\chundn4\.m2\repository\net\minidev\accessors-smart\1.2\accessors-smart-1.2.jar;C:\Users\chundn4\.m2\repository\ch\qos\logback\logback-core\1.2.3\logback-core-1.2.3.jar;C:\Users\chundn4\.m2\repository\org\apache\logging\log4j\log4j-api\2.10.0\log4j-api-2.10.0.jar;C:\Users\chundn4\.m2\repository\org\ow2\asm\asm\5.0.4\asm-5.0.4.jar, user.name=chundn4, java.vm.specification.version=1.8, sun.java.command=worker.org.gradle.process.internal.worker.GradleWorkerMain 'Gradle Test Executor 1', java.home=C:\Program Files\Java\jdk1.8.0_201\jre, sun.arch.data.model=64, user.language=en, java.specification.vendor=Oracle Corporation, awt.toolkit=sun.awt.windows.WToolkit, java.vm.info=mixed mode, java.version=1.8.0_201, java.ext.dirs=C:\Program Files\Java\jdk1.8.0_201\jre\lib\ext;C:\windows\Sun\Java\lib\ext, sun.boot.class.path=C:\Program Files\Java\jdk1.8.0_201\jre\lib\resources.jar;C:\Program Files\Java\jdk1.8.0_201\jre\lib\rt.jar;C:\Program Files\Java\jdk1.8.0_201\jre\lib\sunrsasign.jar;C:\Program Files\Java\jdk1.8.0_201\jre\lib\jsse.jar;C:\Program Files\Java\jdk1.8.0_201\jre\lib\jce.jar;C:\Program Files\Java\jdk1.8.0_201\jre\lib\charsets.jar;C:\Program Files\Java\jdk1.8.0_201\jre\lib\jfr.jar;C:\Program Files\Java\jdk1.8.0_201\jre\classes, java.vendor=Oracle Corporation, org.gradle.test.worker=1, file.separator=\, java.vendor.url.bug=http://bugreport.sun.com/bugreport/, sun.io.unicode.encoding=UnicodeLittle, sun.cpu.endian=little, sun.desktop=windows, sun.cpu.isalist=amd64}}, SystemEnvironmentPropertySource@1193304599 {name='systemEnvironment', properties={USERDOMAIN_ROAMINGPROFILE=CORP, PROCESSOR_LEVEL=6, SESSIONNAME=Console, vcap.services-2db={"p-mysql": [{"credentials": {"jdbcUrl": "jdbc:mysql://127.0.0.1:3306/albums?user=root"}, "name": "albums-mysql"}, {"credentials": {"jdbcUrl": "jdbc:mysql://127.0.0.1:3306/movies?user=root"}, "name": "movies-mysql"}]}, ALLUSERSPROFILE=C:\ProgramData, PROCESSOR_ARCHITECTURE=AMD64, PSModulePath=C:\Users\chundn4\Documents\WindowsPowerShell\Modules;C:\Users\chundn4\AppData\Local\Google\Cloud SDK\google-cloud-sdk\platform\PowerShell, __INTELLIJ_COMMAND_HISTFILE__=C:\Users\chundn4\.IdeaIC2019.3\config\terminal\history\history-16, SystemDrive=C:, vcap.services={"user-provided": [{"credentials": {"access_key_id": "MDMWR75HCO6H98TQVH1L", "bucket": "moviefun", "secret_access_key": "qHUD+H8OF7wE8OwFc2bgBfnC9kBuY21h64updchh", "endpoint": "http://127.0.0.1:9000"}, "name": "photo-storage"}]}, DEFLOGDIR=C:\ProgramData\McAfee\Endpoint Security\Logs, DIRNAME=C:\LABs\user-management-spring-boot\, USERNAME=chundn4, USERDNSDOMAIN=CORP.EMC.COM, CMD_LINE_ARGS=clean build, ProgramFiles(x86)=C:\Program Files (x86), FPS_BROWSER_USER_PROFILE_STRING=Default, APP_HOME=C:\LABs\user-management-spring-boot\, DEFAULT_JVM_OPTS="-Xmx64m" "-Xms64m", PATHEXT=.COM;.EXE;.BAT;.CMD;.VBS;.VBE;.JS;.JSE;.WSF;.WSH;.MSC, COMPOSE_CONVERT_WINDOWS_PATHS=true, DriverData=C:\Windows\System32\Drivers\DriverData, ADAPTIVACLIENT=c:\program files (x86)\adaptiva\AdaptivaClient, ProgramData=C:\ProgramData, ProgramW6432=C:\Program Files, HOMEPATH=\Users\chundn4, PROCESSOR_IDENTIFIER=Intel64 Family 6 Model 142 Stepping 10, GenuineIntel, ProgramFiles=C:\Program Files, PUBLIC=C:\Users\Public, windir=C:\windows, =::=::\, _SKIP=2, LOCALAPPDATA=C:\Users\chundn4\AppData\Local, ChocolateyLastPathUpdate=132228464799944938, USERDOMAIN=CORP, FPS_BROWSER_APP_PROFILE_STRING=Internet Explorer, LOGONSERVER=\\CORPDC16BLR2, JAVA_HOME=C:\Program Files\Java\jdk1.8.0_201, PROMPT=$P$G, GRADLE_HOME=C:\ProgramData\chocolatey\lib\gradle\tools\gradle-5.3, ERLANG_HOME=C:\Program Files\erl10.2, OneDrive=C:\Users\chundn4\OneDrive, =C:=C:\LABs\user-management-spring-boot, APPDATA=C:\Users\chundn4\AppData\Roaming, JAVA_EXE=C:\Program Files\Java\jdk1.8.0_201/bin/java.exe, ChocolateyInstall=C:\ProgramData\chocolatey, CommonProgramFiles=C:\Program Files\Common Files, Path=C:\Python27\;C:\Python27\Scripts;C:\Program Files (x86)\Common Files\Oracle\Java\javapath;C:\Program Files (x86)\RSA SecurID Token Common;C:\windows\system32;C:\windows;C:\windows\System32\Wbem;C:\windows\System32\WindowsPowerShell\v1.0\;C:\windows\System32\OpenSSH\;C:\Program Files\Dell\Dell Data Protection\Encryption\;C:\Program Files\PuTTY\;C:\Program Files\Cloud Foundry;C:\Program Files (x86)\sbt\bin;C:\ProgramData\chocolatey\bin;C:\Program Files\Amazon\AWSCLI\bin\;C:\Program Files\Git\cmd;C:\HashiCorp\Vagrant\bin;C:\Program Files\nodejs\;c:\program files (x86)\adaptiva\AdaptivaClient\bin\x32;c:\program files (x86)\adaptiva\AdaptivaClient\bin\x64;C:\Program Files\Docker\Docker\resources\bin;C:\ProgramData\DockerDesktop\version-bin;C:\Users\chundn4\scoop\shims;C:\Users\chundn4\AppData\Local\Programs\Python\Python37-32\Scripts\;C:\Users\chundn4\AppData\Local\Programs\Python\Python37-32\;C:\Users\chundn4\AppData\Local\Microsoft\WindowsApps;C:\Program Files\Java\jdk1.8.0_201\bin;C:\NAG\softwares\gradle-5.2.1-all\gradle-5.2.1\bin;C:\tools\mysql\current\bin;C:\Program Files\apache-maven-3.6.0\bin;C:\NAG\softwares\cmder_mini;C:\Program Files\MariaDB 10.3\bin;C:\redis-2.4.5-win32-win64\64bit;C:\nginx-1.17.2;C:\Program Files\JetBrains\IntelliJ IDEA Community Edition 2018.3.5\bin;C:\LABs\kubernetes;C:\Users\chundn4\Documents\WindowsPowerShell\Scripts;C:\Program Files\Kubernetes\Minikube;C:\Users\chundn4\AppData\Roaming\npm;C:\Users\chundn4\AppData\Local\Programs\Microsoft VS Code\bin;C:\LABs\;, OS=Windows_NT, COMPUTERNAME=INMKCHUNDN4L1C, SBT_HOME=C:\Program Files (x86)\sbt\, PROCESSOR_REVISION=8e0a, CLASSPATH=C:\LABs\user-management-spring-boot\\gradle\wrapper\gradle-wrapper.jar, CommonProgramW6432=C:\Program Files\Common Files, ComSpec=C:\windows\system32\cmd.exe, UATDATA=C:\windows\CCM\UATData\D9F8C395-CAB8-491d-B8AC-179A1FE1BE77, APP_BASE_NAME=gradlew, TERMINAL_EMULATOR=JetBrains-JediTerm, SystemRoot=C:\windows, TEMP=C:\Users\chundn4\AppData\Local\Temp, HOMEDRIVE=C:, USERPROFILE=C:\Users\chundn4, TMP=C:\Users\chundn4\AppData\Local\Temp, CommonProgramFiles(x86)=C:\Program Files (x86)\Common Files, NUMBER_OF_PROCESSORS=8, IDEA_INITIAL_DIRECTORY=C:\Users\chundn4\Desktop}}]
23:43:00.288 [Test worker] DEBUG org.springframework.core.io.support.PathMatchingResourcePatternResolver - Resolved classpath location [com/emc/education/usermanagement/] to resources [URL [file:/C:/LABs/user-management-spring-boot/build/classes/java/test/com/emc/education/usermanagement/], URL [file:/C:/LABs/user-management-spring-boot/build/classes/java/main/com/emc/education/usermanagement/]]
23:43:00.289 [Test worker] DEBUG org.springframework.core.io.support.PathMatchingResourcePatternResolver - Looking for matching resources in directory tree [C:\LABs\user-management-spring-boot\build\classes\java\test\com\emc\education\usermanagement]
23:43:00.292 [Test worker] DEBUG org.springframework.core.io.support.PathMatchingResourcePatternResolver - Searching directory [C:\LABs\user-management-spring-boot\build\classes\java\test\com\emc\education\usermanagement] for files matching pattern [C:/LABs/user-management-spring-boot/build/classes/java/test/com/emc/education/usermanagement/*.class]
23:43:00.310 [Test worker] DEBUG org.springframework.core.io.support.PathMatchingResourcePatternResolver - Looking for matching resources in directory tree [C:\LABs\user-management-spring-boot\build\classes\java\main\com\emc\education\usermanagement]
23:43:00.314 [Test worker] DEBUG org.springframework.core.io.support.PathMatchingResourcePatternResolver - Searching directory [C:\LABs\user-management-spring-boot\build\classes\java\main\com\emc\education\usermanagement] for files matching pattern [C:/LABs/user-management-spring-boot/build/classes/java/main/com/emc/education/usermanagement/*.class]
23:43:00.324 [Test worker] DEBUG org.springframework.core.io.support.PathMatchingResourcePatternResolver - Resolved location pattern [classpath*:com/emc/education/usermanagement/*.class] to resources [file [C:\LABs\user-management-spring-boot\build\classes\java\test\com\emc\education\usermanagement\TodoManagementSpringBoot2ApplicationTests.class], file [C:\LABs\user-management-spring-boot\build\classes\java\main\com\emc\education\usermanagement\TodoManagementSpringBoot2Application.class]]
23:43:00.475 [Test worker] DEBUG org.springframework.context.annotation.ClassPathScanningCandidateComponentProvider - Identified candidate component class: file [C:\LABs\user-management-spring-boot\build\classes\java\main\com\emc\education\usermanagement\TodoManagementSpringBoot2Application.class]
23:43:00.479 [Test worker] INFO org.springframework.boot.test.context.SpringBootTestContextBootstrapper - Found @SpringBootConfiguration com.emc.education.usermanagement.TodoManagementSpringBoot2Application for test class com.emc.education.usermanagement.TodoManagementSpringBoot2ApplicationTests
23:43:00.957 [Test worker] DEBUG org.springframework.boot.test.context.SpringBootTestContextBootstrapper - @TestExecutionListeners is not present for class [com.emc.education.usermanagement.TodoManagementSpringBoot2ApplicationTests]: using defaults.
23:43:00.959 [Test worker] INFO org.springframework.boot.test.context.SpringBootTestContextBootstrapper - Loaded default TestExecutionListener class names from location [META-INF/spring.factories]: [org.springframework.security.test.context.support.WithSecurityContextTestExecutionListener, org.springframework.security.test.context.support.ReactorContextTestExecutionListener, org.springframework.boot.test.autoconfigure.restdocs.RestDocsTestExecutionListener, org.springframework.boot.test.autoconfigure.web.client.MockRestServiceServerResetTestExecutionListener, org.springframework.boot.test.autoconfigure.web.servlet.MockMvcPrintOnlyOnFailureTestExecutionListener, org.springframework.boot.test.autoconfigure.web.servlet.WebDriverTestExecutionListener, org.springframework.boot.test.mock.mockito.MockitoTestExecutionListener, org.springframework.boot.test.mock.mockito.ResetMocksTestExecutionListener, org.springframework.test.context.web.ServletTestExecutionListener, org.springframework.test.context.support.DirtiesContextBeforeModesTestExecutionListener, org.springframework.test.context.support.DependencyInjectionTestExecutionListener, org.springframework.test.context.support.DirtiesContextTestExecutionListener, org.springframework.test.context.transaction.TransactionalTestExecutionListener, org.springframework.test.context.jdbc.SqlScriptsTestExecutionListener]
23:43:01.070 [Test worker] INFO org.springframework.boot.test.context.SpringBootTestContextBootstrapper - Using TestExecutionListeners: [org.springframework.test.context.web.ServletTestExecutionListener@92e4fed, org.springframework.test.context.support.DirtiesContextBeforeModesTestExecutionListener@4e8abce3, org.springframework.boot.test.mock.mockito.MockitoTestExecutionListener@6f08300e, org.springframework.boot.test.autoconfigure.SpringBootDependencyInjectionTestExecutionListener@108351af, org.springframework.test.context.support.DirtiesContextTestExecutionListener@6ba92575, org.springframework.test.context.transaction.TransactionalTestExecutionListener@70dfe147, org.springframework.test.context.jdbc.SqlScriptsTestExecutionListener@5ef92712, org.springframework.security.test.context.support.WithSecurityContextTestExecutionListener@54fd1b4b, org.springframework.security.test.context.support.ReactorContextTestExecutionListener@765d0e2c, org.springframework.boot.test.autoconfigure.restdocs.RestDocsTestExecutionListener@79071c79, org.springframework.boot.test.autoconfigure.web.client.MockRestServiceServerResetTestExecutionListener@6ed165fc, org.springframework.boot.test.autoconfigure.web.servlet.MockMvcPrintOnlyOnFailureTestExecutionListener@52ca0c2e, org.springframework.boot.test.autoconfigure.web.servlet.WebDriverTestExecutionListener@4cf84435, org.springframework.boot.test.mock.mockito.ResetMocksTestExecutionListener@d5d7d07]
23:43:01.083 [Test worker] DEBUG org.springframework.test.annotation.ProfileValueUtils - Retrieved @ProfileValueSourceConfiguration [null] for test class [com.emc.education.usermanagement.TodoManagementSpringBoot2ApplicationTests]
23:43:01.085 [Test worker] DEBUG org.springframework.test.annotation.ProfileValueUtils - Retrieved ProfileValueSource type [class org.springframework.test.annotation.SystemProfileValueSource] for class [com.emc.education.usermanagement.TodoManagementSpringBoot2ApplicationTests]
23:43:01.088 [Test worker] DEBUG org.springframework.test.annotation.ProfileValueUtils - Retrieved @ProfileValueSourceConfiguration [null] for test class [com.emc.education.usermanagement.TodoManagementSpringBoot2ApplicationTests]
23:43:01.088 [Test worker] DEBUG org.springframework.test.annotation.ProfileValueUtils - Retrieved ProfileValueSource type [class org.springframework.test.annotation.SystemProfileValueSource] for class [com.emc.education.usermanagement.TodoManagementSpringBoot2ApplicationTests]
23:43:01.135 [Test worker] DEBUG org.springframework.test.context.support.AbstractDirtiesContextTestExecutionListener - Before test class: context [DefaultTestContext@d4d9777 testClass = TodoManagementSpringBoot2ApplicationTests, testInstance = [null], testMethod = [null], testException = [null], mergedContextConfiguration = [WebMergedContextConfiguration@7be5a48c testClass = TodoManagementSpringBoot2ApplicationTests, locations = '{}', classes = '{class com.emc.education.usermanagement.TodoManagementSpringBoot2Application}', contextInitializerClasses = '[]', activeProfiles = '{}', propertySourceLocations = '{}', propertySourceProperties = '{org.springframework.boot.test.context.SpringBootTestContextBootstrapper=true}', contextCustomizers = set[org.springframework.boot.test.autoconfigure.properties.PropertyMappingContextCustomizer@0, org.springframework.boot.test.autoconfigure.web.servlet.WebDriverContextCustomizerFactory$Customizer@2d64e76, org.springframework.boot.test.context.filter.ExcludeFilterContextCustomizer@606c0c4a, org.springframework.boot.test.json.DuplicateJsonObjectContextCustomizerFactory$DuplicateJsonObjectContextCustomizer@11e8a9b3, org.springframework.boot.test.mock.mockito.MockitoContextCustomizer@0, org.springframework.boot.test.web.client.TestRestTemplateContextCustomizer@54b22a8e], resourceBasePath = 'src/main/webapp', contextLoader = 'org.springframework.boot.test.context.SpringBootContextLoader', parent = [null]], attributes = map['org.springframework.test.context.web.ServletTestExecutionListener.activateListener' -> true]], class annotated with @DirtiesContext [false] with mode [null].
23:43:01.139 [Test worker] DEBUG org.springframework.test.annotation.ProfileValueUtils - Retrieved @ProfileValueSourceConfiguration [null] for test class [com.emc.education.usermanagement.TodoManagementSpringBoot2ApplicationTests]
23:43:01.139 [Test worker] DEBUG org.springframework.test.annotation.ProfileValueUtils - Retrieved ProfileValueSource type [class org.springframework.test.annotation.SystemProfileValueSource] for class [com.emc.education.usermanagement.TodoManagementSpringBoot2ApplicationTests]
23:43:01.247 [Test worker] DEBUG org.springframework.core.env.StandardEnvironment - Adding PropertySource 'systemProperties' with lowest search precedence
23:43:01.247 [Test worker] DEBUG org.springframework.core.env.StandardEnvironment - Adding PropertySource 'systemEnvironment' with lowest search precedence
23:43:01.249 [Test worker] DEBUG org.springframework.core.env.StandardEnvironment - Initialized StandardEnvironment with PropertySources [MapPropertySource@812401918 {name='systemProperties', properties={java.runtime.name=Java(TM) SE Runtime Environment, sun.boot.library.path=C:\Program Files\Java\jdk1.8.0_201\jre\bin, java.vm.version=25.201-b09, java.vm.vendor=Oracle Corporation, java.vendor.url=http://java.oracle.com/, path.separator=;, java.vm.name=Java HotSpot(TM) 64-Bit Server VM, file.encoding.pkg=sun.io, user.script=, sun.java.launcher=SUN_STANDARD, user.country=US, sun.os.patch.level=, java.vm.specification.name=Java Virtual Machine Specification, user.dir=C:\LABs\user-management-spring-boot, java.runtime.version=1.8.0_201-b09, java.awt.graphicsenv=sun.awt.Win32GraphicsEnvironment, java.endorsed.dirs=C:\Program Files\Java\jdk1.8.0_201\jre\lib\endorsed, os.arch=amd64, java.io.tmpdir=C:\Users\chundn4\AppData\Local\Temp\, line.separator=
, java.vm.specification.vendor=Oracle Corporation, user.variant=, os.name=Windows 10, sun.jnu.encoding=Cp1252, java.library.path=C:\Program Files\Java\jdk1.8.0_201\bin;C:\windows\Sun\Java\bin;C:\windows\system32;C:\windows;C:\Python27\;C:\Python27\Scripts;C:\Program Files (x86)\Common Files\Oracle\Java\javapath;C:\Program Files (x86)\RSA SecurID Token Common;C:\windows\system32;C:\windows;C:\windows\System32\Wbem;C:\windows\System32\WindowsPowerShell\v1.0\;C:\windows\System32\OpenSSH\;C:\Program Files\Dell\Dell Data Protection\Encryption\;C:\Program Files\PuTTY\;C:\Program Files\Cloud Foundry;C:\Program Files (x86)\sbt\bin;C:\ProgramData\chocolatey\bin;C:\Program Files\Amazon\AWSCLI\bin\;C:\Program Files\Git\cmd;C:\HashiCorp\Vagrant\bin;C:\Program Files\nodejs\;c:\program files (x86)\adaptiva\AdaptivaClient\bin\x32;c:\program files (x86)\adaptiva\AdaptivaClient\bin\x64;C:\Program Files\Docker\Docker\resources\bin;C:\ProgramData\DockerDesktop\version-bin;C:\Users\chundn4\scoop\shims;C:\Users\chundn4\AppData\Local\Programs\Python\Python37-32\Scripts\;C:\Users\chundn4\AppData\Local\Programs\Python\Python37-32\;C:\Users\chundn4\AppData\Local\Microsoft\WindowsApps;C:\Program Files\Java\jdk1.8.0_201\bin;C:\NAG\softwares\gradle-5.2.1-all\gradle-5.2.1\bin;C:\tools\mysql\current\bin;C:\Program Files\apache-maven-3.6.0\bin;C:\NAG\softwares\cmder_mini;C:\Program Files\MariaDB 10.3\bin;C:\redis-2.4.5-win32-win64\64bit;C:\nginx-1.17.2;C:\Program Files\JetBrains\IntelliJ IDEA Community Edition 2018.3.5\bin;C:\LABs\kubernetes;C:\Users\chundn4\Documents\WindowsPowerShell\Scripts;C:\Program Files\Kubernetes\Minikube;C:\Users\chundn4\AppData\Roaming\npm;C:\Users\chundn4\AppData\Local\Programs\Microsoft VS Code\bin;C:\LABs\;;., java.specification.name=Java Platform API Specification, java.class.version=52.0, org.gradle.native=false, sun.management.compiler=HotSpot 64-Bit Tiered Compilers, os.version=10.0, user.home=C:\Users\chundn4, user.timezone=Asia/Calcutta, java.awt.printerjob=sun.awt.windows.WPrinterJob, file.encoding=windows-1252, java.specification.version=1.8, java.class.path=C:\LABs\user-management-spring-boot\build\classes\java\test;C:\LABs\user-management-spring-boot\build\resources\test;C:\LABs\user-management-spring-boot\build\classes\java\main;C:\LABs\user-management-spring-boot\build\resources\main;C:\Users\chundn4\.m2\repository\javax\servlet\jstl\1.2\jstl-1.2.jar;C:\Users\chundn4\.m2\repository\org\webjars\bootstrap\3.3.6\bootstrap-3.3.6.jar;C:\Users\chundn4\.m2\repository\org\webjars\bootstrap-datepicker\1.0.1\bootstrap-datepicker-1.0.1.jar;C:\Users\chundn4\.m2\repository\org\webjars\jquery\1.9.1\jquery-1.9.1.jar;C:\Users\chundn4\.m2\repository\org\springframework\boot\spring-boot-starter-security\2.0.4.RELEASE\spring-boot-starter-security-2.0.4.RELEASE.jar;C:\Users\chundn4\.m2\repository\org\springframework\boot\spring-boot-starter-web\2.0.4.RELEASE\spring-boot-starter-web-2.0.4.RELEASE.jar;C:\Users\chundn4\.m2\repository\org\springframework\boot\spring-boot-starter-data-jpa\2.0.4.RELEASE\spring-boot-starter-data-jpa-2.0.4.RELEASE.jar;C:\Users\chundn4\.m2\repository\org\springframework\boot\spring-boot-devtools\2.0.4.RELEASE\spring-boot-devtools-2.0.4.RELEASE.jar;C:\Users\chundn4\.m2\repository\mysql\mysql-connector-java\5.1.46\mysql-connector-java-5.1.46.jar;C:\Users\chundn4\.m2\repository\org\springframework\boot\spring-boot-starter-test\2.0.4.RELEASE\spring-boot-starter-test-2.0.4.RELEASE.jar;C:\Users\chundn4\.m2\repository\org\springframework\security\spring-security-test\5.0.7.RELEASE\spring-security-test-5.0.7.RELEASE.jar;C:\Users\chundn4\.m2\repository\org\springframework\boot\spring-boot-starter-json\2.0.4.RELEASE\spring-boot-starter-json-2.0.4.RELEASE.jar;C:\Users\chundn4\.m2\repository\org\springframework\boot\spring-boot-starter-aop\2.0.4.RELEASE\spring-boot-starter-aop-2.0.4.RELEASE.jar;C:\Users\chundn4\.m2\repository\org\springframework\boot\spring-boot-starter-jdbc\2.0.4.RELEASE\spring-boot-starter-jdbc-2.0.4.RELEASE.jar;C:\Users\chundn4\.m2\repository\org\springframework\boot\spring-boot-starter\2.0.4.RELEASE\spring-boot-starter-2.0.4.RELEASE.jar;C:\Users\chundn4\.m2\repository\org\springframework\security\spring-security-config\5.0.7.RELEASE\spring-security-config-5.0.7.RELEASE.jar;C:\Users\chundn4\.m2\repository\org\springframework\security\spring-security-web\5.0.7.RELEASE\spring-security-web-5.0.7.RELEASE.jar;C:\Users\chundn4\.m2\repository\org\springframework\spring-webmvc\5.0.8.RELEASE\spring-webmvc-5.0.8.RELEASE.jar;C:\Users\chundn4\.m2\repository\org\springframework\data\spring-data-jpa\2.0.9.RELEASE\spring-data-jpa-2.0.9.RELEASE.jar;C:\Users\chundn4\.m2\repository\org\springframework\security\spring-security-core\5.0.7.RELEASE\spring-security-core-5.0.7.RELEASE.jar;C:\Users\chundn4\.m2\repository\org\springframework\boot\spring-boot-test-autoconfigure\2.0.4.RELEASE\spring-boot-test-autoconfigure-2.0.4.RELEASE.jar;C:\Users\chundn4\.m2\repository\org\springframework\boot\spring-boot-autoconfigure\2.0.4.RELEASE\spring-boot-autoconfigure-2.0.4.RELEASE.jar;C:\Users\chundn4\.m2\repository\org\springframework\boot\spring-boot-test\2.0.4.RELEASE\spring-boot-test-2.0.4.RELEASE.jar;C:\Users\chundn4\.m2\repository\org\springframework\boot\spring-boot\2.0.4.RELEASE\spring-boot-2.0.4.RELEASE.jar;C:\Users\chundn4\.m2\repository\org\springframework\spring-context\5.0.8.RELEASE\spring-context-5.0.8.RELEASE.jar;C:\Users\chundn4\.m2\repository\org\springframework\spring-aop\5.0.8.RELEASE\spring-aop-5.0.8.RELEASE.jar;C:\Users\chundn4\.m2\repository\org\springframework\boot\spring-boot-starter-tomcat\2.0.4.RELEASE\spring-boot-starter-tomcat-2.0.4.RELEASE.jar;C:\Users\chundn4\.m2\repository\org\hibernate\validator\hibernate-validator\6.0.11.Final\hibernate-validator-6.0.11.Final.jar;C:\Users\chundn4\.m2\repository\org\springframework\spring-web\5.0.8.RELEASE\spring-web-5.0.8.RELEASE.jar;C:\Users\chundn4\.m2\repository\org\hibernate\hibernate-core\5.2.17.Final\hibernate-core-5.2.17.Final.jar;C:\Users\chundn4\.m2\repository\javax\transaction\javax.transaction-api\1.2\javax.transaction-api-1.2.jar;C:\Users\chundn4\.m2\repository\org\springframework\spring-aspects\5.0.8.RELEASE\spring-aspects-5.0.8.RELEASE.jar;C:\Users\chundn4\.m2\repository\com\jayway\jsonpath\json-path\2.4.0\json-path-2.4.0.jar;C:\Users\chundn4\.m2\repository\junit\junit\4.12\junit-4.12.jar;C:\Users\chundn4\.m2\repository\org\assertj\assertj-core\3.9.1\assertj-core-3.9.1.jar;C:\Users\chundn4\.m2\repository\org\mockito\mockito-core\2.15.0\mockito-core-2.15.0.jar;C:\Users\chundn4\.m2\repository\org\hamcrest\hamcrest-library\1.3\hamcrest-library-1.3.jar;C:\Users\chundn4\.m2\repository\org\hamcrest\hamcrest-core\1.3\hamcrest-core-1.3.jar;C:\Users\chundn4\.m2\repository\org\skyscreamer\jsonassert\1.5.0\jsonassert-1.5.0.jar;C:\Users\chundn4\.m2\repository\org\springframework\spring-test\5.0.8.RELEASE\spring-test-5.0.8.RELEASE.jar;C:\Users\chundn4\.m2\repository\org\springframework\spring-orm\5.0.8.RELEASE\spring-orm-5.0.8.RELEASE.jar;C:\Users\chundn4\.m2\repository\org\springframework\spring-jdbc\5.0.8.RELEASE\spring-jdbc-5.0.8.RELEASE.jar;C:\Users\chundn4\.m2\repository\org\springframework\data\spring-data-commons\2.0.9.RELEASE\spring-data-commons-2.0.9.RELEASE.jar;C:\Users\chundn4\.m2\repository\org\springframework\spring-tx\5.0.8.RELEASE\spring-tx-5.0.8.RELEASE.jar;C:\Users\chundn4\.m2\repository\org\springframework\spring-beans\5.0.8.RELEASE\spring-beans-5.0.8.RELEASE.jar;C:\Users\chundn4\.m2\repository\org\springframework\spring-expression\5.0.8.RELEASE\spring-expression-5.0.8.RELEASE.jar;C:\Users\chundn4\.m2\repository\org\springframework\spring-core\5.0.8.RELEASE\spring-core-5.0.8.RELEASE.jar;C:\Users\chundn4\.m2\repository\org\xmlunit\xmlunit-core\2.5.1\xmlunit-core-2.5.1.jar;C:\Users\chundn4\.m2\repository\org\springframework\boot\spring-boot-starter-logging\2.0.4.RELEASE\spring-boot-starter-logging-2.0.4.RELEASE.jar;C:\Users\chundn4\.m2\repository\javax\annotation\javax.annotation-api\1.3.2\javax.annotation-api-1.3.2.jar;C:\Users\chundn4\.m2\repository\org\yaml\snakeyaml\1.19\snakeyaml-1.19.jar;C:\Users\chundn4\.m2\repository\com\fasterxml\jackson\datatype\jackson-datatype-jdk8\2.9.6\jackson-datatype-jdk8-2.9.6.jar;C:\Users\chundn4\.m2\repository\com\fasterxml\jackson\datatype\jackson-datatype-jsr310\2.9.6\jackson-datatype-jsr310-2.9.6.jar;C:\Users\chundn4\.m2\repository\com\fasterxml\jackson\module\jackson-module-parameter-names\2.9.6\jackson-module-parameter-names-2.9.6.jar;C:\Users\chundn4\.m2\repository\com\fasterxml\jackson\core\jackson-databind\2.9.6\jackson-databind-2.9.6.jar;C:\Users\chundn4\.m2\repository\org\apache\tomcat\embed\tomcat-embed-websocket\8.5.32\tomcat-embed-websocket-8.5.32.jar;C:\Users\chundn4\.m2\repository\org\apache\tomcat\embed\tomcat-embed-core\8.5.32\tomcat-embed-core-8.5.32.jar;C:\Users\chundn4\.m2\repository\org\apache\tomcat\embed\tomcat-embed-el\8.5.32\tomcat-embed-el-8.5.32.jar;C:\Users\chundn4\.m2\repository\javax\validation\validation-api\2.0.1.Final\validation-api-2.0.1.Final.jar;C:\Users\chundn4\.m2\repository\org\hibernate\common\hibernate-commons-annotations\5.0.1.Final\hibernate-commons-annotations-5.0.1.Final.jar;C:\Users\chundn4\.m2\repository\org\jboss\logging\jboss-logging\3.3.2.Final\jboss-logging-3.3.2.Final.jar;C:\Users\chundn4\.m2\repository\com\fasterxml\classmate\1.3.4\classmate-1.3.4.jar;C:\Users\chundn4\.m2\repository\org\aspectj\aspectjweaver\1.8.13\aspectjweaver-1.8.13.jar;C:\Users\chundn4\.m2\repository\com\zaxxer\HikariCP\2.7.9\HikariCP-2.7.9.jar;C:\Users\chundn4\.m2\repository\org\hibernate\javax\persistence\hibernate-jpa-2.1-api\1.0.2.Final\hibernate-jpa-2.1-api-1.0.2.Final.jar;C:\Users\chundn4\.m2\repository\org\javassist\javassist\3.22.0-GA\javassist-3.22.0-GA.jar;C:\Users\chundn4\.m2\repository\antlr\antlr\2.7.7\antlr-2.7.7.jar;C:\Users\chundn4\.m2\repository\org\jboss\jandex\2.0.3.Final\jandex-2.0.3.Final.jar;C:\Users\chundn4\.m2\repository\dom4j\dom4j\1.6.1\dom4j-1.6.1.jar;C:\Users\chundn4\.m2\repository\ch\qos\logback\logback-classic\1.2.3\logback-classic-1.2.3.jar;C:\Users\chundn4\.m2\repository\org\apache\logging\log4j\log4j-to-slf4j\2.10.0\log4j-to-slf4j-2.10.0.jar;C:\Users\chundn4\.m2\repository\org\slf4j\jul-to-slf4j\1.7.25\jul-to-slf4j-1.7.25.jar;C:\Users\chundn4\.m2\repository\org\slf4j\slf4j-api\1.7.25\slf4j-api-1.7.25.jar;C:\Users\chundn4\.m2\repository\net\minidev\json-smart\2.3\json-smart-2.3.jar;C:\Users\chundn4\.m2\repository\net\bytebuddy\byte-buddy\1.7.11\byte-buddy-1.7.11.jar;C:\Users\chundn4\.m2\repository\net\bytebuddy\byte-buddy-agent\1.7.11\byte-buddy-agent-1.7.11.jar;C:\Users\chundn4\.m2\repository\org\objenesis\objenesis\2.6\objenesis-2.6.jar;C:\Users\chundn4\.m2\repository\com\vaadin\external\google\android-json\0.0.20131108.vaadin1\android-json-0.0.20131108.vaadin1.jar;C:\Users\chundn4\.m2\repository\org\springframework\spring-jcl\5.0.8.RELEASE\spring-jcl-5.0.8.RELEASE.jar;C:\Users\chundn4\.m2\repository\com\fasterxml\jackson\core\jackson-annotations\2.9.0\jackson-annotations-2.9.0.jar;C:\Users\chundn4\.m2\repository\com\fasterxml\jackson\core\jackson-core\2.9.6\jackson-core-2.9.6.jar;C:\Users\chundn4\.m2\repository\net\minidev\accessors-smart\1.2\accessors-smart-1.2.jar;C:\Users\chundn4\.m2\repository\ch\qos\logback\logback-core\1.2.3\logback-core-1.2.3.jar;C:\Users\chundn4\.m2\repository\org\apache\logging\log4j\log4j-api\2.10.0\log4j-api-2.10.0.jar;C:\Users\chundn4\.m2\repository\org\ow2\asm\asm\5.0.4\asm-5.0.4.jar, user.name=chundn4, java.vm.specification.version=1.8, sun.java.command=worker.org.gradle.process.internal.worker.GradleWorkerMain 'Gradle Test Executor 1', java.home=C:\Program Files\Java\jdk1.8.0_201\jre, sun.arch.data.model=64, user.language=en, java.specification.vendor=Oracle Corporation, awt.toolkit=sun.awt.windows.WToolkit, java.vm.info=mixed mode, java.version=1.8.0_201, java.ext.dirs=C:\Program Files\Java\jdk1.8.0_201\jre\lib\ext;C:\windows\Sun\Java\lib\ext, sun.boot.class.path=C:\Program Files\Java\jdk1.8.0_201\jre\lib\resources.jar;C:\Program Files\Java\jdk1.8.0_201\jre\lib\rt.jar;C:\Program Files\Java\jdk1.8.0_201\jre\lib\sunrsasign.jar;C:\Program Files\Java\jdk1.8.0_201\jre\lib\jsse.jar;C:\Program Files\Java\jdk1.8.0_201\jre\lib\jce.jar;C:\Program Files\Java\jdk1.8.0_201\jre\lib\charsets.jar;C:\Program Files\Java\jdk1.8.0_201\jre\lib\jfr.jar;C:\Program Files\Java\jdk1.8.0_201\jre\classes, java.vendor=Oracle Corporation, org.gradle.test.worker=1, file.separator=\, java.vendor.url.bug=http://bugreport.sun.com/bugreport/, sun.io.unicode.encoding=UnicodeLittle, sun.cpu.endian=little, sun.desktop=windows, sun.cpu.isalist=amd64}}, SystemEnvironmentPropertySource@1992100962 {name='systemEnvironment', properties={USERDOMAIN_ROAMINGPROFILE=CORP, PROCESSOR_LEVEL=6, SESSIONNAME=Console, vcap.services-2db={"p-mysql": [{"credentials": {"jdbcUrl": "jdbc:mysql://127.0.0.1:3306/albums?user=root"}, "name": "albums-mysql"}, {"credentials": {"jdbcUrl": "jdbc:mysql://127.0.0.1:3306/movies?user=root"}, "name": "movies-mysql"}]}, ALLUSERSPROFILE=C:\ProgramData, PROCESSOR_ARCHITECTURE=AMD64, PSModulePath=C:\Users\chundn4\Documents\WindowsPowerShell\Modules;C:\Users\chundn4\AppData\Local\Google\Cloud SDK\google-cloud-sdk\platform\PowerShell, __INTELLIJ_COMMAND_HISTFILE__=C:\Users\chundn4\.IdeaIC2019.3\config\terminal\history\history-16, SystemDrive=C:, vcap.services={"user-provided": [{"credentials": {"access_key_id": "MDMWR75HCO6H98TQVH1L", "bucket": "moviefun", "secret_access_key": "qHUD+H8OF7wE8OwFc2bgBfnC9kBuY21h64updchh", "endpoint": "http://127.0.0.1:9000"}, "name": "photo-storage"}]}, DEFLOGDIR=C:\ProgramData\McAfee\Endpoint Security\Logs, DIRNAME=C:\LABs\user-management-spring-boot\, USERNAME=chundn4, USERDNSDOMAIN=CORP.EMC.COM, CMD_LINE_ARGS=clean build, ProgramFiles(x86)=C:\Program Files (x86), FPS_BROWSER_USER_PROFILE_STRING=Default, APP_HOME=C:\LABs\user-management-spring-boot\, DEFAULT_JVM_OPTS="-Xmx64m" "-Xms64m", PATHEXT=.COM;.EXE;.BAT;.CMD;.VBS;.VBE;.JS;.JSE;.WSF;.WSH;.MSC, COMPOSE_CONVERT_WINDOWS_PATHS=true, DriverData=C:\Windows\System32\Drivers\DriverData, ADAPTIVACLIENT=c:\program files (x86)\adaptiva\AdaptivaClient, ProgramData=C:\ProgramData, ProgramW6432=C:\Program Files, HOMEPATH=\Users\chundn4, PROCESSOR_IDENTIFIER=Intel64 Family 6 Model 142 Stepping 10, GenuineIntel, ProgramFiles=C:\Program Files, PUBLIC=C:\Users\Public, windir=C:\windows, =::=::\, _SKIP=2, LOCALAPPDATA=C:\Users\chundn4\AppData\Local, ChocolateyLastPathUpdate=132228464799944938, USERDOMAIN=CORP, FPS_BROWSER_APP_PROFILE_STRING=Internet Explorer, LOGONSERVER=\\CORPDC16BLR2, JAVA_HOME=C:\Program Files\Java\jdk1.8.0_201, PROMPT=$P$G, GRADLE_HOME=C:\ProgramData\chocolatey\lib\gradle\tools\gradle-5.3, ERLANG_HOME=C:\Program Files\erl10.2, OneDrive=C:\Users\chundn4\OneDrive, =C:=C:\LABs\user-management-spring-boot, APPDATA=C:\Users\chundn4\AppData\Roaming, JAVA_EXE=C:\Program Files\Java\jdk1.8.0_201/bin/java.exe, ChocolateyInstall=C:\ProgramData\chocolatey, CommonProgramFiles=C:\Program Files\Common Files, Path=C:\Python27\;C:\Python27\Scripts;C:\Program Files (x86)\Common Files\Oracle\Java\javapath;C:\Program Files (x86)\RSA SecurID Token Common;C:\windows\system32;C:\windows;C:\windows\System32\Wbem;C:\windows\System32\WindowsPowerShell\v1.0\;C:\windows\System32\OpenSSH\;C:\Program Files\Dell\Dell Data Protection\Encryption\;C:\Program Files\PuTTY\;C:\Program Files\Cloud Foundry;C:\Program Files (x86)\sbt\bin;C:\ProgramData\chocolatey\bin;C:\Program Files\Amazon\AWSCLI\bin\;C:\Program Files\Git\cmd;C:\HashiCorp\Vagrant\bin;C:\Program Files\nodejs\;c:\program files (x86)\adaptiva\AdaptivaClient\bin\x32;c:\program files (x86)\adaptiva\AdaptivaClient\bin\x64;C:\Program Files\Docker\Docker\resources\bin;C:\ProgramData\DockerDesktop\version-bin;C:\Users\chundn4\scoop\shims;C:\Users\chundn4\AppData\Local\Programs\Python\Python37-32\Scripts\;C:\Users\chundn4\AppData\Local\Programs\Python\Python37-32\;C:\Users\chundn4\AppData\Local\Microsoft\WindowsApps;C:\Program Files\Java\jdk1.8.0_201\bin;C:\NAG\softwares\gradle-5.2.1-all\gradle-5.2.1\bin;C:\tools\mysql\current\bin;C:\Program Files\apache-maven-3.6.0\bin;C:\NAG\softwares\cmder_mini;C:\Program Files\MariaDB 10.3\bin;C:\redis-2.4.5-win32-win64\64bit;C:\nginx-1.17.2;C:\Program Files\JetBrains\IntelliJ IDEA Community Edition 2018.3.5\bin;C:\LABs\kubernetes;C:\Users\chundn4\Documents\WindowsPowerShell\Scripts;C:\Program Files\Kubernetes\Minikube;C:\Users\chundn4\AppData\Roaming\npm;C:\Users\chundn4\AppData\Local\Programs\Microsoft VS Code\bin;C:\LABs\;, OS=Windows_NT, COMPUTERNAME=INMKCHUNDN4L1C, SBT_HOME=C:\Program Files (x86)\sbt\, PROCESSOR_REVISION=8e0a, CLASSPATH=C:\LABs\user-management-spring-boot\\gradle\wrapper\gradle-wrapper.jar, CommonProgramW6432=C:\Program Files\Common Files, ComSpec=C:\windows\system32\cmd.exe, UATDATA=C:\windows\CCM\UATData\D9F8C395-CAB8-491d-B8AC-179A1FE1BE77, APP_BASE_NAME=gradlew, TERMINAL_EMULATOR=JetBrains-JediTerm, SystemRoot=C:\windows, TEMP=C:\Users\chundn4\AppData\Local\Temp, HOMEDRIVE=C:, USERPROFILE=C:\Users\chundn4, TMP=C:\Users\chundn4\AppData\Local\Temp, CommonProgramFiles(x86)=C:\Program Files (x86)\Common Files, NUMBER_OF_PROCESSORS=8, IDEA_INITIAL_DIRECTORY=C:\Users\chundn4\Desktop}}]
23:43:01.260 [Test worker] DEBUG org.springframework.test.context.support.TestPropertySourceUtils - Adding inlined properties to environment: {spring.jmx.enabled=false, org.springframework.boot.test.context.SpringBootTestContextBootstrapper=true, server.port=-1}
23:43:01.261 [Test worker] DEBUG org.springframework.core.env.StandardEnvironment - Adding PropertySource 'Inlined Test Properties' with highest search precedence

  .   ____          _            __ _ _
 /\\ / ___'_ __ _ _(_)_ __  __ _ \ \ \ \
( ( )\___ | '_ | '_| | '_ \/ _` | \ \ \ \
 \\/  ___)| |_)| | | | | || (_| |  ) ) ) )
  '  |____| .__|_| |_|_| |_\__, | / / / /
 =========|_|==============|___/=/_/_/_/
 :: Spring Boot ::        (v2.0.4.RELEASE)

2020-06-16 23:43:02.023  INFO 3356 --- [    Test worker] odoManagementSpringBoot2ApplicationTests : Starting TodoManagementSpringBoot2ApplicationTests on INMKCHUNDN4L1C with PID 3356 (started by chundn4 in C:\LABs\user-management-spring-boot)
2020-06-16 23:43:02.028  INFO 3356 --- [    Test worker] odoManagementSpringBoot2ApplicationTests : No active profile set, falling back to default profiles: default
2020-06-16 23:43:02.148  INFO 3356 --- [    Test worker] o.s.w.c.s.GenericWebApplicationContext   : Refreshing org.springframework.web.context.support.GenericWebApplicationContext@52b8160c: startup date [Tue Jun 16 23:43:02 IST 2020]; root of context hierarchy
2020-06-16 23:43:05.834  INFO 3356 --- [    Test worker] trationDelegate$BeanPostProcessorChecker : Bean 'org.springframework.transaction.annotation.ProxyTransactionManagementConfiguration' of type [org.springframework.transaction.annotation.ProxyTransactionManagementConfiguration$$EnhancerBySpringCGLIB$$2ea0718] is not eligible for getting processed by all BeanPostProcessors (for example: not eligible for auto-proxying)
2020-06-16 23:43:06.697  INFO 3356 --- [    Test worker] com.zaxxer.hikari.HikariDataSource       : HikariPool-1 - Starting...
2020-06-16 23:43:07.333  INFO 3356 --- [    Test worker] com.zaxxer.hikari.HikariDataSource       : HikariPool-1 - Start completed.
2020-06-16 23:43:07.482  INFO 3356 --- [    Test worker] j.LocalContainerEntityManagerFactoryBean : Building JPA container EntityManagerFactory for persistence unit 'default'
2020-06-16 23:43:07.540  INFO 3356 --- [    Test worker] o.hibernate.jpa.internal.util.LogHelper  : HHH000204: Processing PersistenceUnitInfo [
	name: default
	...]
2020-06-16 23:43:07.753  INFO 3356 --- [    Test worker] org.hibernate.Version                    : HHH000412: Hibernate Core {5.2.17.Final}
2020-06-16 23:43:07.758  INFO 3356 --- [    Test worker] org.hibernate.cfg.Environment            : HHH000206: hibernate.properties not found
2020-06-16 23:43:07.983  INFO 3356 --- [    Test worker] o.hibernate.annotations.common.Version   : HCANN000001: Hibernate Commons Annotations {5.0.1.Final}
2020-06-16 23:43:08.353  INFO 3356 --- [    Test worker] org.hibernate.dialect.Dialect            : HHH000400: Using dialect: org.hibernate.dialect.MySQL5InnoDBDialect
2020-06-16 23:43:10.703  INFO 3356 --- [    Test worker] j.LocalContainerEntityManagerFactoryBean : Initialized JPA EntityManagerFactory for persistence unit 'default'
2020-06-16 23:43:14.030  INFO 3356 --- [    Test worker] o.s.w.s.handler.SimpleUrlHandlerMapping  : Mapped URL path [/**/favicon.ico] onto handler of type [class org.springframework.web.servlet.resource.ResourceHttpRequestHandler]
2020-06-16 23:43:14.807  INFO 3356 --- [    Test worker] s.w.s.m.m.a.RequestMappingHandlerAdapter : Looking for @ControllerAdvice: org.springframework.web.context.support.GenericWebApplicationContext@52b8160c: startup date [Tue Jun 16 23:43:02 IST 2020]; root of context hierarchy
2020-06-16 23:43:14.913  WARN 3356 --- [    Test worker] aWebConfiguration$JpaWebMvcConfiguration : spring.jpa.open-in-view is enabled by default. Therefore, database queries may be performed during view rendering. Explicitly configure spring.jpa.open-in-view to disable this warning
2020-06-16 23:43:15.041  INFO 3356 --- [    Test worker] s.w.s.m.m.a.RequestMappingHandlerMapping : Mapped "{[/logout],methods=[GET]}" onto public java.lang.String com.emc.education.usermanagement.controller.LogoutController.logout(javax.servlet.http.HttpServletRequest,javax.servlet.http.HttpServletResponse)
2020-06-16 23:43:15.047  INFO 3356 --- [    Test worker] s.w.s.m.m.a.RequestMappingHandlerMapping : Mapped "{[/add-user],methods=[POST]}" onto public java.lang.String com.emc.education.usermanagement.controller.UserController.addUser(org.springframework.ui.ModelMap,com.emc.education.usermanagement.model.User,org.springframework.validation.BindingResult)
2020-06-16 23:43:15.048  INFO 3356 --- [    Test worker] s.w.s.m.m.a.RequestMappingHandlerMapping : Mapped "{[/delete-user],methods=[GET]}" onto public java.lang.String com.emc.education.usermanagement.controller.UserController.deleteUser(long)
2020-06-16 23:43:15.048  INFO 3356 --- [    Test worker] s.w.s.m.m.a.RequestMappingHandlerMapping : Mapped "{[/update-user],methods=[POST]}" onto public java.lang.String com.emc.education.usermanagement.controller.UserController.updateUser(org.springframework.ui.ModelMap,com.emc.education.usermanagement.model.User,org.springframework.validation.BindingResult)
2020-06-16 23:43:15.049  INFO 3356 --- [    Test worker] s.w.s.m.m.a.RequestMappingHandlerMapping : Mapped "{[/add-user],methods=[GET]}" onto public java.lang.String com.emc.education.usermanagement.controller.UserController.showAddUserPage(org.springframework.ui.ModelMap)
2020-06-16 23:43:15.050  INFO 3356 --- [    Test worker] s.w.s.m.m.a.RequestMappingHandlerMapping : Mapped "{[/list-users],methods=[GET]}" onto public java.lang.String com.emc.education.usermanagement.controller.UserController.showUsers(org.springframework.ui.ModelMap)
2020-06-16 23:43:15.051  INFO 3356 --- [    Test worker] s.w.s.m.m.a.RequestMappingHandlerMapping : Mapped "{[/update-user],methods=[GET]}" onto public java.lang.String com.emc.education.usermanagement.controller.UserController.showUpdateUserPage(long,org.springframework.ui.ModelMap)
2020-06-16 23:43:15.052  INFO 3356 --- [    Test worker] s.w.s.m.m.a.RequestMappingHandlerMapping : Mapped "{[/],methods=[GET]}" onto public java.lang.String com.emc.education.usermanagement.controller.WelcomeController.showWelcomePage(org.springframework.ui.ModelMap)
2020-06-16 23:43:15.057  INFO 3356 --- [    Test worker] s.w.s.m.m.a.RequestMappingHandlerMapping : Mapped "{[/error]}" onto public org.springframework.http.ResponseEntity<java.util.Map<java.lang.String, java.lang.Object>> org.springframework.boot.autoconfigure.web.servlet.error.BasicErrorController.error(javax.servlet.http.HttpServletRequest)
2020-06-16 23:43:15.061  INFO 3356 --- [    Test worker] s.w.s.m.m.a.RequestMappingHandlerMapping : Mapped "{[/error],produces=[text/html]}" onto public org.springframework.web.servlet.ModelAndView org.springframework.boot.autoconfigure.web.servlet.error.BasicErrorController.errorHtml(javax.servlet.http.HttpServletRequest,javax.servlet.http.HttpServletResponse)
2020-06-16 23:43:15.164  INFO 3356 --- [    Test worker] o.s.w.s.handler.SimpleUrlHandlerMapping  : Mapped URL path [/webjars/**] onto handler of type [class org.springframework.web.servlet.resource.ResourceHttpRequestHandler]
2020-06-16 23:43:15.165  INFO 3356 --- [    Test worker] o.s.w.s.handler.SimpleUrlHandlerMapping  : Mapped URL path [/**] onto handler of type [class org.springframework.web.servlet.resource.ResourceHttpRequestHandler]
2020-06-16 23:43:16.452  INFO 3356 --- [    Test worker] o.s.s.web.DefaultSecurityFilterChain     : Creating filter chain: org.springframework.security.web.util.matcher.AnyRequestMatcher@1, [org.springframework.security.web.context.request.async.WebAsyncManagerIntegrationFilter@6d185190, org.springframework.security.web.context.SecurityContextPersistenceFilter@150a1a09, org.springframework.security.web.header.HeaderWriterFilter@302955d4, org.springframework.security.web.authentication.logout.LogoutFilter@26fc3589, org.springframework.security.web.authentication.UsernamePasswordAuthenticationFilter@4df08a97, org.springframework.security.web.authentication.ui.DefaultLoginPageGeneratingFilter@4ca71043, org.springframework.security.web.savedrequest.RequestCacheAwareFilter@41de72ca, org.springframework.security.web.servletapi.SecurityContextHolderAwareRequestFilter@7a2f11bf, org.springframework.security.web.authentication.AnonymousAuthenticationFilter@3e32281e, org.springframework.security.web.session.SessionManagementFilter@78fae24d, org.springframework.security.web.access.ExceptionTranslationFilter@68f1cc00, org.springframework.security.web.access.intercept.FilterSecurityInterceptor@49b5e210]
2020-06-16 23:43:16.795  INFO 3356 --- [    Test worker] odoManagementSpringBoot2ApplicationTests : Started TodoManagementSpringBoot2ApplicationTests in 15.487 seconds (JVM running for 20.627)
]]></system-out>
  <system-err><![CDATA[]]></system-err>
</testsuite>
